{
  "stats": {
    "suites": 1,
    "tests": 2,
    "passes": 2,
    "pending": 0,
    "failures": 0,
    "start": "2022-01-04T17:43:16.978Z",
    "end": "2022-01-04T17:43:30.992Z",
    "duration": 14014,
    "testsRegistered": 2,
    "passPercent": 100,
    "pendingPercent": 0,
    "other": 0,
    "hasOther": false,
    "skipped": 0,
    "hasSkipped": false
  },
  "results": [
    {
      "uuid": "17240695-e375-4ee0-9b59-2ad8a07bda2b",
      "title": "",
      "fullFile": "cypress/integration/cadastro.spec.js",
      "file": "cypress/integration/cadastro.spec.js",
      "beforeHooks": [],
      "afterHooks": [],
      "tests": [],
      "suites": [
        {
          "uuid": "69a576fe-26a7-4253-a10e-abfa624bd7fd",
          "title": "Cadastro",
          "fullFile": "",
          "file": "",
          "beforeHooks": [],
          "afterHooks": [],
          "tests": [
            {
              "title": "Efetuar cadastro de usuario",
              "fullTitle": "Cadastro Efetuar cadastro de usuario",
              "timedOut": null,
              "duration": 12141,
              "state": "passed",
              "speed": "slow",
              "pass": true,
              "fail": false,
              "pending": false,
              "context": null,
              "code": "cy.visit('index.php?controller=authentication&back=my-account');\ncy.get('input#email_create').type(email);\ncy.get('button#SubmitCreate').click();\ncy.get('input#id_gender2').check();\ncy.get('input#customer_firstname').type(firstName);\ncy.get('input#customer_lastname').type(lastName);\ncy.get('input#passwd').type('TesteQA@123');\ncy.get('select#days').select('15');\ncy.get('select#months').select('November');\ncy.get('select#years').select('1997');\ncy.get('input#optin').check();\ncy.get('input[name=\"address1\"]').type(address);\ncy.get('input[name=\"address2\"]').type('Apartment 21');\ncy.get('input[name=\"city\"]').type(city);\ncy.get('select#id_state').select('Kansas');\ncy.get('input#postcode').type(zipcode);\ncy.get('input#phone_mobile').type(mobile);\ncy.get('button#submitAccount').click();\ncy.url().should('contain', 'my-account');\ncy.get('div.row').parent().children('p').should('contain.text', 'Welcome to your account.');",
              "err": {},
              "uuid": "aa20074b-b00b-42b0-aadd-0a2bdc43fd1f",
              "parentUUID": "69a576fe-26a7-4253-a10e-abfa624bd7fd",
              "isHook": false,
              "skipped": false
            },
            {
              "title": "Efetuar cadastro de email inválido",
              "fullTitle": "Cadastro Efetuar cadastro de email inválido",
              "timedOut": null,
              "duration": 1815,
              "state": "passed",
              "speed": "slow",
              "pass": true,
              "fail": false,
              "pending": false,
              "context": null,
              "code": "cy.visit('index.php?controller=authentication&back=my-account');\ncy.get('input#email_create').type('asfajjasdgfj');\ncy.get('button#SubmitCreate').click();\ncy.get('div.row .alert').parent().should('contain.text', 'Invalid email address.');",
              "err": {},
              "uuid": "1f73dd8c-c5f5-418f-bd8a-a30d2bc6bf39",
              "parentUUID": "69a576fe-26a7-4253-a10e-abfa624bd7fd",
              "isHook": false,
              "skipped": false
            }
          ],
          "suites": [],
          "passes": [
            "aa20074b-b00b-42b0-aadd-0a2bdc43fd1f",
            "1f73dd8c-c5f5-418f-bd8a-a30d2bc6bf39"
          ],
          "failures": [],
          "pending": [],
          "skipped": [],
          "duration": 13956,
          "root": false,
          "rootEmpty": false,
          "_timeout": 2000
        }
      ],
      "passes": [],
      "failures": [],
      "pending": [],
      "skipped": [],
      "duration": 0,
      "root": true,
      "rootEmpty": true,
      "_timeout": 2000
    }
  ],
  "meta": {
    "mocha": {
      "version": "7.0.1"
    },
    "mochawesome": {
      "options": {
        "quiet": true,
        "reportFilename": "mochawesome",
        "saveHtml": true,
        "saveJson": true,
        "consoleReporter": "spec",
        "useInlineDiffs": false,
        "code": true
      },
      "version": "6.3.1"
    },
    "marge": {
      "options": {
        "id": "default",
        "reportDir": "mochawesome-report",
        "quiet": true,
        "overwrite": false,
        "html": true,
        "json": true
      },
      "version": "5.2.0"
    }
  }
}